<?xml version="1.0" encoding="UTF-8"?>
<testng-results ignored="0" total="2" passed="2" failed="0" skipped="0">
  <reporter-output>
  </reporter-output>
  <suite started-at="2026-05-21T17:11:25 IST" name="Suite" finished-at="2026-05-21T17:11:39 IST" duration-ms="14578">
    <groups>
    </groups>
    <test started-at="2026-05-21T17:11:25 IST" name="Test" finished-at="2026-05-21T17:11:39 IST" duration-ms="14578">
      <class name="testcases.Tc_01AccontRegistration">
        <test-method is-config="true" signature="setUp(java.lang.String,java.lang.String)[pri:0, instance:testcases.Tc_01AccontRegistration@5119fb47]" started-at="2026-05-21T17:11:25 IST" name="setUp" finished-at="2026-05-21T17:11:29 IST" duration-ms="3956" status="PASS">
          <params>
            <param index="0">
              <value>
                <![CDATA[Windows]]>
              </value>
            </param>
            <param index="1">
              <value>
                <![CDATA[edge]]>
              </value>
            </param>
          </params>
          <reporter-output>
          </reporter-output>
        </test-method> <!-- setUp -->
        <test-method signature="Verify_account_registration()[pri:0, instance:testcases.Tc_01AccontRegistration@5119fb47]" started-at="2026-05-21T17:11:29 IST" name="Verify_account_registration" finished-at="2026-05-21T17:11:33 IST" duration-ms="4435" status="PASS">
          <reporter-output>
          </reporter-output>
        </test-method> <!-- Verify_account_registration -->
      </class> <!-- testcases.Tc_01AccontRegistration -->
      <class name="testcases.Tc_02_Login">
        <test-method is-config="true" signature="setUp(java.lang.String,java.lang.String)[pri:0, instance:testcases.Tc_02_Login@20ce78ec]" started-at="2026-05-21T17:11:33 IST" name="setUp" finished-at="2026-05-21T17:11:37 IST" duration-ms="3828" status="PASS">
          <params>
            <param index="0">
              <value>
                <![CDATA[Windows]]>
              </value>
            </param>
            <param index="1">
              <value>
                <![CDATA[edge]]>
              </value>
            </param>
          </params>
          <reporter-output>
          </reporter-output>
        </test-method> <!-- setUp -->
        <test-method signature="verify_loginpage()[pri:0, instance:testcases.Tc_02_Login@20ce78ec]" started-at="2026-05-21T17:11:37 IST" name="verify_loginpage" finished-at="2026-05-21T17:11:39 IST" duration-ms="2293" status="PASS">
          <reporter-output>
          </reporter-output>
        </test-method> <!-- verify_loginpage -->
      </class> <!-- testcases.Tc_02_Login -->
    </test> <!-- Test -->
  </suite> <!-- Suite -->
</testng-results>
