<?xml version="1.0" encoding="UTF-8"?>
<testng-results ignored="0" total="2" passed="2" failed="0" skipped="0">
  <reporter-output>
  </reporter-output>
  <suite started-at="2026-05-21T18:50:34 IST" name="Suite" finished-at="2026-05-21T18:50:52 IST" duration-ms="17767">
    <groups>
    </groups>
    <test started-at="2026-05-21T18:50:34 IST" name="Test" finished-at="2026-05-21T18:50:52 IST" duration-ms="17767">
      <class name="testcases.Tc_01AccontRegistration">
        <test-method is-config="true" signature="setUp(java.lang.String,java.lang.String)[pri:0, instance:testcases.Tc_01AccontRegistration@2d3379b4]" started-at="2026-05-21T18:50:34 IST" name="setUp" finished-at="2026-05-21T18:50:39 IST" duration-ms="5078" status="PASS">
          <params>
            <param index="0">
              <value>
                <![CDATA[Windows]]>
              </value>
            </param>
            <param index="1">
              <value>
                <![CDATA[edge]]>
              </value>
            </param>
          </params>
          <reporter-output>
          </reporter-output>
        </test-method> <!-- setUp -->
        <test-method signature="Verify_account_registration()[pri:0, instance:testcases.Tc_01AccontRegistration@2d3379b4]" started-at="2026-05-21T18:50:39 IST" name="Verify_account_registration" finished-at="2026-05-21T18:50:45 IST" duration-ms="5821" status="PASS">
          <reporter-output>
          </reporter-output>
        </test-method> <!-- Verify_account_registration -->
      </class> <!-- testcases.Tc_01AccontRegistration -->
      <class name="testcases.Tc_02_Login">
        <test-method is-config="true" signature="setUp(java.lang.String,java.lang.String)[pri:0, instance:testcases.Tc_02_Login@411f53a0]" started-at="2026-05-21T18:50:45 IST" name="setUp" finished-at="2026-05-21T18:50:48 IST" duration-ms="2932" status="PASS">
          <params>
            <param index="0">
              <value>
                <![CDATA[Windows]]>
              </value>
            </param>
            <param index="1">
              <value>
                <![CDATA[edge]]>
              </value>
            </param>
          </params>
          <reporter-output>
          </reporter-output>
        </test-method> <!-- setUp -->
        <test-method signature="verify_loginpage()[pri:0, instance:testcases.Tc_02_Login@411f53a0]" started-at="2026-05-21T18:50:48 IST" name="verify_loginpage" finished-at="2026-05-21T18:50:52 IST" duration-ms="3848" status="PASS">
          <reporter-output>
          </reporter-output>
        </test-method> <!-- verify_loginpage -->
      </class> <!-- testcases.Tc_02_Login -->
    </test> <!-- Test -->
  </suite> <!-- Suite -->
</testng-results>
