<?xml version="1.0" encoding="UTF-8"?>
<testng-results ignored="0" total="1" passed="1" failed="0" skipped="0">
  <reporter-output>
  </reporter-output>
  <suite started-at="2026-05-21T15:32:16 IST" name="Suite" finished-at="2026-05-21T15:32:24 IST" duration-ms="7915">
    <groups>
    </groups>
    <test started-at="2026-05-21T15:32:16 IST" name="Test" finished-at="2026-05-21T15:32:24 IST" duration-ms="7915">
      <class name="testcases.Tc_02_Login">
        <test-method is-config="true" signature="setUp(java.lang.String,java.lang.String)[pri:0, instance:testcases.Tc_02_Login@618b19ad]" started-at="2026-05-21T15:32:16 IST" name="setUp" finished-at="2026-05-21T15:32:21 IST" duration-ms="4762" status="PASS">
          <params>
            <param index="0">
              <value>
                <![CDATA[Windows]]>
              </value>
            </param>
            <param index="1">
              <value>
                <![CDATA[edge]]>
              </value>
            </param>
          </params>
          <reporter-output>
          </reporter-output>
        </test-method> <!-- setUp -->
        <test-method signature="verify_loginpage()[pri:0, instance:testcases.Tc_02_Login@618b19ad]" started-at="2026-05-21T15:32:21 IST" name="verify_loginpage" finished-at="2026-05-21T15:32:24 IST" duration-ms="3080" status="PASS">
          <reporter-output>
          </reporter-output>
        </test-method> <!-- verify_loginpage -->
      </class> <!-- testcases.Tc_02_Login -->
    </test> <!-- Test -->
  </suite> <!-- Suite -->
</testng-results>
